Zilog eZ80 Macro Assembler Version 4.3 (19073001)24-Jun-23     07:37:02     page:   1


PC     Object              I  Line    Source 
                           A     1    ;
                           A     2    ; Title:	AGON Electron OS - Globals
                           A     3    ; Author:	Dean Belfield
                           A     4    ; Modified: Mario Smit (S0urceror)
                           A     5    
                           B     0    			INCLUDE	"../src/equs.inc"
                           B     1    ;
                           B     2    ; Title:	AGON MOS - Equs
                           B     3    ; Author:	Dean Belfield
                           B     4    ; Created:	15/07/2022
                           B     5    ; Last Updated:	19/03/2023
                           B     6    ;
                           B     7    ; Modinfo:
                           B     8    ; 24/07/2022:	Added TMR2_CTL
                           B     9    ; 03/08/2022:	Added UART0_BUFFERLEN
                           B    10    ; 20/08/2022:	Added some VDP protocol flags
                           B    11    ; 18/09/2022:	Added VDPP_FLAG_MODE
                           B    12    ; 09/03/2023:	Renamed TMR2_CTL to TMR0_CTL
                           B    13    ; 15/03/2023:	Added VDPP_FLAG_RTC
                           B    14    ; 19/03/2023:	Fixed TMR0_RR_H to point to cor
                           B    15    
                           B    16    ; MOS specific
                           B    17    ;
       00000010            B    18    VDPP_BUFFERLEN:		EQU		16	; VDP Protocol 
                           B    19    	
       00000001            B    20    VDPP_FLAG_CURSOR:	EQU		00000001b
       00000002            B    21    VDPP_FLAG_SCRCHAR:	EQU		00000010b
       00000004            B    22    VDPP_FLAG_POINT:	EQU		00000100b
       00000008            B    23    VDPP_FLAG_AUDIO:	EQU		00001000b	
       00000010            B    24    VDPP_FLAG_MODE:		EQU		00010000b
       00000020            B    25    VDPP_FLAG_RTC:		EQU		00100000b
                           B    26    
                           B    27    ; For GPIO
                           B    28    ; PA not available on eZ80F92
                           B    29    ;
       00000096            B    30    PA_DR:			EQU		96h
       00000097            B    31    PA_DDR:			EQU		97h
       00000098            B    32    PA_ALT1:		EQU		98h
       00000099            B    33    PA_ALT2:		EQU		99h
       0000009A            B    34    PB_DR:          	EQU		9Ah
       0000009B            B    35    PB_DDR:        	 	EQU		9Bh
       0000009C            B    36    PB_ALT1:        	EQU		9Ch
       0000009D            B    37    PB_ALT2:        	EQU		9Dh
       0000009E            B    38    PC_DR:          	EQU		9Eh
       0000009F            B    39    PC_DDR:         	EQU		9Fh
       000000A0            B    40    PC_ALT1:        	EQU		A0h
       000000A1            B    41    PC_ALT2:        	EQU		A1h
       000000A2            B    42    PD_DR:          	EQU		A2h
       000000A3            B    43    PD_DDR:			EQU		A3h
       000000A4            B    44    PD_ALT1:		EQU		A4h
       000000A5            B    45    PD_ALT2:		EQU		A5h
                           B    46    	
       00000000            B    47    GPIOMODE_OUT:		EQU		0	; Output
       00000001            B    48    GPIOMODE_IN:		EQU		1	; Input
       00000002            B    49    GPIOMODE_DIO:		EQU		2	; Open Drain IO
       00000003            B    50    GPIOMODE_SIO:		EQU		3	; Open Source I
       00000004            B    51    GPIOMODE_INTD:		EQU		4	; Interrupt, Du
       00000005            B    52    GPIOMODE_ALTF:		EQU		5;	; Alt Function
       00000006            B    53    GPIOMODE_INTAL:		EQU		6	; Interrupt, Ac
       00000007            B    54    GPIOMODE_INTAH:		EQU		7	; Interrupt, Ac
       00000008            B    55    GPIOMODE_INTFE:		EQU		8	; Interrupt, Fa
       00000009            B    56    GPIOMODE_INTRE:		EQU		9	; Interrupt, Ri
                           B    57    	
                           B    58    ; For interrupts.asm
                           B    59    ;
                           B    60    
                           B    61    ;UARTs
                           B    62    ;
       00000018            B    63    UART0_IVECT		EQU	18h
       0000001A            B    64    UART1_IVECT		EQU	1Ah
                           B    65    
                           B    66    ;Ports
                           B    67    ;
       00000030            B    68    PB0_IVECT   		EQU   	30h	; AGON ITRP Int
       00000032            B    69    PB1_IVECT  	  	EQU  	32h	; AGON VBLANK Inter
       00000034            B    70    PB2_IVECT  	  	EQU   	34h
       00000036            B    71    PB3_IVECT  	  	EQU   	36h
       00000038            B    72    PB4_IVECT    		EQU   	38h
       0000003A            B    73    PB5_IVECT    		EQU   	3Ah
       0000003C            B    74    PB6_IVECT    		EQU   	3Ch
       0000003E            B    75    PB7_IVECT    		EQU   	3Eh
                           B    76                           
       00000040            B    77    PC0_IVECT    		EQU   	40h
       00000042            B    78    PC1_IVECT    		EQU   	42h
       00000044            B    79    PC2_IVECT    		EQU   	44h
       00000046            B    80    PC3_IVECT    		EQU   	46h
       00000048            B    81    PC4_IVECT    		EQU   	48h
       0000004A            B    82    PC5_IVECT    		EQU   	4Ah
       0000004C            B    83    PC6_IVECT    		EQU   	4Ch
       0000004E            B    84    PC7_IVECT    		EQU   	4Eh
                           B    85                           
       00000050            B    86    PD0_IVECT    		EQU   	50h
       00000052            B    87    PD1_IVECT    		EQU   	52h
       00000054            B    88    PD2_IVECT    		EQU   	54h
       00000056            B    89    PD3_IVECT    		EQU   	56h
       00000058            B    90    PD4_IVECT    		EQU   	58h
       0000005A            B    91    PD5_IVECT    		EQU   	5Ah
       0000005C            B    92    PD6_IVECT    		EQU   	5Ch
       0000005E            B    93    PD7_IVECT    		EQU   	5Eh
                           B    94    
                           B    95    ; For vectors16.asm
                           B    96    ;
       00000080            B    97    TMR0_CTL		EQU	80h
       00000081            B    98    TMR0_DR_L               EQU     81h
       00000081            B    99    TMR0_RR_L               EQU     81h
       00000082            B   100    TMR0_DR_H               EQU     82h
       00000082            B   101    TMR0_RR_H               EQU     82h
                           B   102    
       00000083            B   103    TMR1_CTL		EQU	83h
       00000084            B   104    TMR1_DR_L               EQU     84h
       00000084            B   105    TMR1_RR_L               EQU     84h
       00000085            B   106    TMR1_DR_H               EQU     85h
       00000085            B   107    TMR1_RR_H               EQU     85h
                           B   108    
                           B   109    ; UART constants
       00000050            B   110    UART0_SEND_BUFFER_SIZE  EQU     80
       00000050            B   111    UART0_RECV_BUFFER_SIZE  EQU     80
       00000002            B   112    UART_IER_TRANSMITINT    EQU     00000010b
                           A     7    			
                           A     8    			XDEF	_clock
                           A     9    			XDEF	_rtc 
                           A    10    			XDEF 	_coldBoot
                           A    11    			XDEF	_gp
                           A    12    			XDEF	_callSM
                           A    13    			XDEF    SLOT_REGISTER
                           A    14    			XDEF	call_address_ix
                           A    15    			XDEF	_prev_mbase
                           A    16    			XDEF	_uart0_send_buffer
                           A    17    			XDEF	_uart0_send_head 
                           A    18    			XDEF	_uart0_send_tail
                           A    19    			XDEF    _uart0_recv_head
                           A    20    			XDEF    _uart0_recv_tail
                           A    21    			XDEF    _uart0_recv_buffer			
                           A    22    
                           A    23    			SEGMENT BSS		; This section is r
                           A    24    			
000000                     A    25    _clock			DS	4		; + 00h: Clock time
000004                     A    26    _coldBoot:		DS	1		; extern char _cold
000005                     A    27    _gp:			DS	1		; extern char _gp
000006                     A    28    _rtc:			DS	8		; + 1Ah: Real time 
00000E                     A    29    _callSM:		DS	5		; Self-modding code
000013                     A    30    SLOT_REGISTER	DS  1		
000014                     A    31    call_address_ix DS  3
000017                     A    32    _prev_mbase		DS  1
                           A    33    
000018                     A    34    _uart0_send_buffer DS UART0_SEND_BUFFER_SIZE
000068                     A    35    _uart0_send_head DS 3
00006B                     A    36    _uart0_send_tail DS 3
00006E                     A    37    _uart0_recv_buffer DS UART0_RECV_BUFFER_SIZE
0000BE                     A    38    _uart0_recv_head DS 3
0000C1                     A    39    _uart0_recv_tail DS 3
                           A    40    		
                           A    41    			SECTION DATA		; This section 
                           A    42    
                           A    43    
                           A    44    			END


Errors: 0
Warnings: 0
Lines Assembled: 157
